<?xml version="1.0" encoding="utf-8"?><testsuites name="pytest tests"><testsuite name="pytest" errors="0" failures="0" skipped="0" tests="45" time="74.870" timestamp="2026-06-03T18:58:45.345574+00:00" hostname="agent-env-6c6bc748-c634-4ae7-be53-96e04719088d"><testcase classname="backend.tests.test_homemate_backend.TestHealth" name="test_root" time="0.287" /><testcase classname="backend.tests.test_homemate_backend.TestAuth" name="test_send_otp_returns_mock" time="0.065" /><testcase classname="backend.tests.test_homemate_backend.TestAuth" name="test_verify_otp_creates_user_and_returns_jwt" time="0.118" /><testcase classname="backend.tests.test_homemate_backend.TestAuth" name="test_me_returns_user" time="0.178" /><testcase classname="backend.tests.test_homemate_backend.TestAuth" name="test_me_without_token_401" time="0.057" /><testcase classname="backend.tests.test_homemate_backend.TestAuth" name="test_me_with_invalid_token_401" time="0.054" /><testcase classname="backend.tests.test_homemate_backend.TestAuth" name="test_verify_without_otp_request" time="0.057" /><testcase classname="backend.tests.test_homemate_backend.TestCategories" name="test_list_categories_has_five_seeded" time="0.057" /><testcase classname="backend.tests.test_homemate_backend.TestCategories" name="test_create_update_delete_category" time="0.236" /><testcase classname="backend.tests.test_homemate_backend.TestBookingFlow" name="test_booking_auto_assigned" time="0.235" /><testcase classname="backend.tests.test_homemate_backend.TestBookingFlow" name="test_customer_notifications_received" time="0.058" /><testcase classname="backend.tests.test_homemate_backend.TestBookingFlow" name="test_my_bookings_customer" time="0.061" /><testcase classname="backend.tests.test_homemate_backend.TestBookingFlow" name="test_get_booking_attaches_worker_and_pin_visible" time="0.071" /><testcase classname="backend.tests.test_homemate_backend.TestBookingFlow" name="test_worker_login_and_jobs_hide_pin" time="0.255" /><testcase classname="backend.tests.test_homemate_backend.TestBookingFlow" name="test_get_booking_as_worker_no_pin" time="0.061" /><testcase classname="backend.tests.test_homemate_backend.TestBookingFlow" name="test_worker_accept" time="0.131" /><testcase classname="backend.tests.test_homemate_backend.TestBookingFlow" name="test_worker_start" time="0.121" /><testcase classname="backend.tests.test_homemate_backend.TestBookingFlow" name="test_verify_pin_wrong_returns_400" time="0.062" /><testcase classname="backend.tests.test_homemate_backend.TestBookingFlow" name="test_verify_pin_correct_completes_and_increments" time="0.295" /><testcase classname="backend.tests.test_homemate_backend.TestBookingFlow" name="test_rate_after_completion" time="0.127" /><testcase classname="backend.tests.test_homemate_backend.TestBookingFlow" name="test_rate_before_completion_returns_400" time="0.124" /><testcase classname="backend.tests.test_homemate_backend.TestChat" name="test_send_and_list_messages" time="1.107" /><testcase classname="backend.tests.test_homemate_backend.TestChat" name="test_chat_forbidden_for_stranger" time="0.189" /><testcase classname="backend.tests.test_homemate_backend.TestChat" name="test_chat_since_filter" time="1.624" /><testcase classname="backend.tests.test_homemate_backend.TestCancellation" name="test_cancel_booking" time="0.265" /><testcase classname="backend.tests.test_homemate_backend.TestWorkerEndpoints" name="test_worker_jobs_forbidden_for_customer" time="0.067" /><testcase classname="backend.tests.test_homemate_backend.TestWorkerEndpoints" name="test_worker_earnings_returns_fields" time="0.340" /><testcase classname="backend.tests.test_homemate_backend.TestWorkerEndpoints" name="test_worker_jobs_no_pin" time="0.288" /><testcase classname="backend.tests.test_homemate_backend.TestNotifications" name="test_list_mark_read_all" time="0.362" /><testcase classname="backend.tests.test_homemate_backend.TestAddresses" name="test_address_crud_scoped" time="0.414" /><testcase classname="backend.tests.test_homemate_backend.TestProfile" name="test_profile_update_allowed_fields" time="0.173" /><testcase classname="backend.tests.test_security.TestOTPRateLimit" name="test_4th_send_returns_429" time="0.354" /><testcase classname="backend.tests.test_security.TestOTPVerifyAttempts" name="test_5_wrong_then_429" time="0.460" /><testcase classname="backend.tests.test_security.TestOTPSingleUse" name="test_otp_cannot_be_reused" time="0.176" /><testcase classname="backend.tests.test_security.TestAdminLogin" name="test_wrong_password_401" time="0.062" /><testcase classname="backend.tests.test_security.TestAdminLogin" name="test_right_password_returns_admin_jwt" time="0.239" /><testcase classname="backend.tests.test_security.TestKYCUpload" name="test_reject_disallowed_mime_text" time="0.264" /><testcase classname="backend.tests.test_security.TestKYCUpload" name="test_reject_oversize_file" time="0.490" /><testcase classname="backend.tests.test_security.TestKYCUpload" name="test_accept_valid_small_jpg_sets_submitted" time="0.064" /><testcase classname="backend.tests.test_security.TestAdminKYCActions" name="test_approve_writes_audit_and_status" time="0.589" /><testcase classname="backend.tests.test_security.TestAdminKYCActions" name="test_reject_writes_audit_and_status" time="0.488" /><testcase classname="backend.tests.test_security.TestAdminKYCActions" name="test_admin_endpoints_require_admin_jwt" time="0.379" /><testcase classname="backend.tests.test_security.TestPinAttempts" name="test_wrong_pin_5_then_429" time="62.985" /><testcase classname="backend.tests.test_security.TestPinAttempts" name="test_after_pin_locked_booking_auto_cancelled" time="0.052" /><testcase classname="backend.tests.test_security.TestAuditLogGrowth" name="test_booking_lifecycle_creates_audit_entries" time="0.582" /></testsuite></testsuites>