<?xml version="1.0" encoding="utf-8"?><testsuites name="pytest tests"><testsuite name="pytest" errors="0" failures="0" skipped="0" tests="27" time="5.039" timestamp="2026-07-07T13:56:14.284777+00:00" hostname="agent-env-be0d4aba-b2c4-4da3-9fff-97ecb9b10d52"><testcase classname="backend.tests.test_worker_kyc_verification.TestWorkerRegister" name="test_register_worker_pending_status" time="0.363" /><testcase classname="backend.tests.test_worker_kyc_verification.TestWorkerRegister" name="test_worker_jobs_403_when_pending" time="0.101" /><testcase classname="backend.tests.test_worker_kyc_verification.TestWorkerRegister" name="test_worker_earnings_403_when_pending" time="0.095" /><testcase classname="backend.tests.test_worker_kyc_verification.TestKycFieldValidation" name="test_missing_or_invalid_field_returns_400[email-]" time="0.162" /><testcase classname="backend.tests.test_worker_kyc_verification.TestKycFieldValidation" name="test_missing_or_invalid_field_returns_400[email-not-an-email]" time="0.096" /><testcase classname="backend.tests.test_worker_kyc_verification.TestKycFieldValidation" name="test_missing_or_invalid_field_returns_400[full_address-]" time="0.096" /><testcase classname="backend.tests.test_worker_kyc_verification.TestKycFieldValidation" name="test_missing_or_invalid_field_returns_400[city-]" time="0.093" /><testcase classname="backend.tests.test_worker_kyc_verification.TestKycFieldValidation" name="test_missing_or_invalid_field_returns_400[state-]" time="0.092" /><testcase classname="backend.tests.test_worker_kyc_verification.TestKycFieldValidation" name="test_missing_or_invalid_field_returns_400[pincode-12345]" time="0.096" /><testcase classname="backend.tests.test_worker_kyc_verification.TestKycFieldValidation" name="test_missing_or_invalid_field_returns_400[pincode-abcdef]" time="0.091" /><testcase classname="backend.tests.test_worker_kyc_verification.TestKycFieldValidation" name="test_missing_or_invalid_field_returns_400[experience-]" time="0.093" /><testcase classname="backend.tests.test_worker_kyc_verification.TestKycFieldValidation" name="test_missing_or_invalid_field_returns_400[photo-]" time="0.095" /><testcase classname="backend.tests.test_worker_kyc_verification.TestKycFieldValidation" name="test_missing_or_invalid_field_returns_400[live_selfie-]" time="0.092" /><testcase classname="backend.tests.test_worker_kyc_verification.TestKycFieldValidation" name="test_missing_or_invalid_field_returns_400[aadhaar_front-]" time="0.094" /><testcase classname="backend.tests.test_worker_kyc_verification.TestKycFieldValidation" name="test_missing_or_invalid_field_returns_400[aadhaar_back-]" time="0.097" /><testcase classname="backend.tests.test_worker_kyc_verification.TestKycFieldValidation" name="test_empty_categories_returns_400" time="0.094" /><testcase classname="backend.tests.test_worker_kyc_verification.TestDocValidation" name="test_bad_mime_returns_400" time="0.096" /><testcase classname="backend.tests.test_worker_kyc_verification.TestDocValidation" name="test_oversize_file_returns_413" time="0.404" /><testcase classname="backend.tests.test_worker_kyc_verification.TestValidKycSubmission" name="test_valid_submission_flips_status_and_persists" time="0.157" /><testcase classname="backend.tests.test_worker_kyc_verification.TestValidKycSubmission" name="test_submitted_worker_still_403_on_worker_endpoints" time="0.188" /><testcase classname="backend.tests.test_worker_kyc_verification.TestAdminFlow" name="test_admin_login" time="0.048" /><testcase classname="backend.tests.test_worker_kyc_verification.TestAdminFlow" name="test_admin_listing_shows_new_fields" time="0.198" /><testcase classname="backend.tests.test_worker_kyc_verification.TestApproveReject" name="test_approve_grants_access" time="0.350" /><testcase classname="backend.tests.test_worker_kyc_verification.TestApproveReject" name="test_reject_removes_access" time="0.356" /><testcase classname="backend.tests.test_worker_kyc_verification.TestAutoAssignSafety" name="test_booking_not_assigned_to_submitted_worker" time="0.356" /><testcase classname="backend.tests.test_worker_kyc_verification.TestCategoryCrudRegression" name="test_category_crud" time="0.184" /><testcase classname="backend.tests.test_worker_kyc_verification.TestBookingLifecycleRegression" name="test_end_to_end_with_approved_worker" time="0.624" /></testsuite></testsuites>